[2026-03-23 19:46:48,349] [INFO] Phantom_Bot.modules.role_manager: RoleManagerCog инициализирован, включён=True
[2026-03-23 19:46:58,045] [INFO] Phantom_Bot.modules.role_manager: Роль ・ Family снята с mm1gas пользователем mm1gas
[2026-03-23 19:48:15,400] [INFO] Phantom_Bot.modules.role_manager: Роль ・ High Rang выдана mm1gas пользователем mm1gas
[2026-03-23 19:48:34,291] [INFO] Phantom_Bot.modules.role_manager: Роль ・ High Rang снята с mm1gas пользователем mm1gas
[2026-03-23 20:19:53,891] [INFO] Phantom_Bot.modules.role_manager: Роль ・ High Rang выдана mm1gas пользователем mm1gas
[2026-03-23 20:20:19,030] [INFO] Phantom_Bot.modules.role_manager: Роль ・ Family выдана mm1gas пользователем mm1gas
[2026-03-23 20:20:27,704] [INFO] Phantom_Bot.modules.role_manager: Роль ・ High Rang снята с mm1gas пользователем mm1gas
[2026-03-23 20:20:36,098] [INFO] Phantom_Bot.modules.role_manager: Роль ・ Family снята с mm1gas пользователем mm1gas
[2026-03-23 20:46:19,103] [INFO] Phantom_Bot.modules.role_manager: Роль ・ Newbie выдана mm1gas пользователем mm1gas
[2026-03-23 20:46:33,733] [INFO] Phantom_Bot.modules.role_manager: Роль ・ Academy снята с mm1gas пользователем mm1gas
[2026-03-23 20:47:24,225] [INFO] Phantom_Bot.modules.role_manager: Роль ・ Dep Lead снята с rzbserdce пользователем mm1gas
[2026-03-23 20:47:33,435] [INFO] Phantom_Bot.modules.role_manager: Роль ・ Dep Lead выдана rzbserdce пользователем mm1gas
[2026-03-24 15:04:53,615] [INFO] Phantom_Bot.modules.role_manager: RoleManagerCog инициализирован, включён=True
[2026-03-24 15:38:37,449] [INFO] Phantom_Bot.modules.role_manager: RoleManagerCog инициализирован, включён=True
[2026-03-24 15:44:15,690] [INFO] Phantom_Bot.modules.role_manager: RoleManagerCog инициализирован, включён=True
[2026-03-24 15:49:41,978] [INFO] Phantom_Bot.modules.role_manager: RoleManagerCog инициализирован, включён=True
[2026-03-24 16:09:24,657] [INFO] Phantom_Bot.modules.role_manager: RoleManagerCog инициализирован, включён=True
[2026-03-24 16:15:11,279] [INFO] Phantom_Bot.modules.role_manager: RoleManagerCog инициализирован, включён=True
[2026-03-24 16:40:09,347] [INFO] Phantom_Bot.modules.role_manager: RoleManagerCog инициализирован, включён=True
[2026-03-25 13:26:59,247] [INFO] Phantom_Bot.modules.role_manager: RoleManagerCog инициализирован, включён=True
[2026-03-27 17:10:27,865] [INFO] Phantom_Bot.modules.role_manager: RoleManagerCog инициализирован, включён=True
[2026-05-03 17:39:49,445] [INFO] Phantom_Bot.modules.role_manager: RoleManagerCog инициализирован, включён=True
[2026-05-09 20:25:17,191] [INFO] Phantom_Bot.modules.role_manager: RoleManagerCog инициализирован, включён=True
[2026-05-09 20:28:31,166] [INFO] Phantom_Bot.modules.role_manager: RoleManagerCog инициализирован, включён=True
[2026-05-09 20:32:40,749] [INFO] Phantom_Bot.modules.role_manager: RoleManagerCog инициализирован, включён=True
[2026-05-09 20:33:19,655] [INFO] Phantom_Bot.modules.role_manager: RoleManagerCog инициализирован, включён=True
[2026-05-09 20:37:38,180] [INFO] Phantom_Bot.modules.role_manager: RoleManagerCog инициализирован, включён=True
[2026-05-17 00:37:47,655] [INFO] Phantom_Bot.modules.role_manager: RoleManagerCog инициализирован, включён=True
[2026-05-17 22:17:38,978] [INFO] Phantom_Bot.modules.role_manager: RoleManagerCog инициализирован, включён=True
