[2026-03-24 15:38:37,448] [INFO] Phantom_Bot.modules.nickname_server: NicknameServerCog инициализирован, включён=True
[2026-03-24 15:38:41,498] [INFO] Phantom_Bot.modules.nickname_server: Начинается автоматическая проверка всех участников...
[2026-03-24 15:38:44,107] [INFO] Phantom_Bot.modules.nickname_server: Удалены роли у ghool67: ['・s-tier', '・ capture', '・ Family', '・ Main']
[2026-03-24 15:38:44,380] [INFO] Phantom_Bot.modules.nickname_server: Добавлены роли ghool67: ['НИК НЕ ПО ФОРМЕ']
[2026-03-24 15:38:53,384] [INFO] Phantom_Bot.modules.nickname_server: Удалены роли у nikitqna: ['・s-tier', 'Approved 17', 'Approved 05', '・ capture', '・ Family', '・ Phantom', '・ Recruit']
[2026-03-24 15:38:53,822] [INFO] Phantom_Bot.modules.nickname_server: Добавлены роли nikitqna: ['НИК НЕ ПО ФОРМЕ']
[2026-03-24 15:39:03,055] [INFO] Phantom_Bot.modules.nickname_server: Удалены роли у maximka.ka: ['Valorant', '・s-tier', 'Approved 17', '・MCL Main', '・ capture', '・ Family', '・ Main']
[2026-03-24 15:39:03,316] [INFO] Phantom_Bot.modules.nickname_server: Добавлены роли maximka.ka: ['НИК НЕ ПО ФОРМЕ']
[2026-03-24 15:44:15,689] [INFO] Phantom_Bot.modules.nickname_server: NicknameServerCog инициализирован, включён=True
[2026-03-24 15:44:19,112] [INFO] Phantom_Bot.modules.nickname_server: Начинается автоматическая проверка всех участников...
[2026-03-24 15:49:41,977] [INFO] Phantom_Bot.modules.nickname_server: NicknameServerCog инициализирован, включён=True
[2026-03-24 16:09:24,654] [INFO] Phantom_Bot.modules.nickname_server: NicknameServerCog инициализирован, включён=True
[2026-03-24 16:09:27,836] [INFO] Phantom_Bot.modules.nickname_server: Запущена автоматическая проверка всех участников
[2026-03-24 16:15:11,278] [INFO] Phantom_Bot.modules.nickname_server: NicknameServerCog инициализирован, включён=True
[2026-03-24 16:15:14,629] [INFO] Phantom_Bot.modules.nickname_server: Запущена автоматическая проверка всех участников
[2026-03-24 16:40:09,346] [INFO] Phantom_Bot.modules.nickname_server: NicknameServerCog инициализирован, включён=True
[2026-03-24 16:40:12,396] [INFO] Phantom_Bot.modules.nickname_server: Запущена автоматическая проверка всех участников
[2026-03-24 17:40:09,358] [INFO] Phantom_Bot.modules.nickname_server: Запущена автоматическая проверка всех участников
[2026-03-24 18:40:09,365] [INFO] Phantom_Bot.modules.nickname_server: Запущена автоматическая проверка всех участников
[2026-03-24 19:40:09,362] [INFO] Phantom_Bot.modules.nickname_server: Запущена автоматическая проверка всех участников
[2026-03-24 20:40:09,356] [INFO] Phantom_Bot.modules.nickname_server: Запущена автоматическая проверка всех участников
[2026-03-24 21:40:09,353] [INFO] Phantom_Bot.modules.nickname_server: Запущена автоматическая проверка всех участников
[2026-03-24 22:40:09,367] [INFO] Phantom_Bot.modules.nickname_server: Запущена автоматическая проверка всех участников
[2026-03-24 23:40:09,372] [INFO] Phantom_Bot.modules.nickname_server: Запущена автоматическая проверка всех участников
[2026-03-25 00:40:09,354] [INFO] Phantom_Bot.modules.nickname_server: Запущена автоматическая проверка всех участников
[2026-03-25 01:40:09,355] [INFO] Phantom_Bot.modules.nickname_server: Запущена автоматическая проверка всех участников
[2026-03-25 02:40:09,355] [INFO] Phantom_Bot.modules.nickname_server: Запущена автоматическая проверка всех участников
[2026-03-25 03:40:09,356] [INFO] Phantom_Bot.modules.nickname_server: Запущена автоматическая проверка всех участников
[2026-03-25 04:40:09,391] [INFO] Phantom_Bot.modules.nickname_server: Запущена автоматическая проверка всех участников
[2026-03-25 05:40:09,359] [INFO] Phantom_Bot.modules.nickname_server: Запущена автоматическая проверка всех участников
[2026-03-25 06:40:09,371] [INFO] Phantom_Bot.modules.nickname_server: Запущена автоматическая проверка всех участников
[2026-03-25 07:40:09,390] [INFO] Phantom_Bot.modules.nickname_server: Запущена автоматическая проверка всех участников
[2026-03-25 08:40:09,359] [INFO] Phantom_Bot.modules.nickname_server: Запущена автоматическая проверка всех участников
[2026-03-25 09:40:09,371] [INFO] Phantom_Bot.modules.nickname_server: Запущена автоматическая проверка всех участников
[2026-03-25 10:40:09,363] [INFO] Phantom_Bot.modules.nickname_server: Запущена автоматическая проверка всех участников
[2026-03-25 11:40:09,355] [INFO] Phantom_Bot.modules.nickname_server: Запущена автоматическая проверка всех участников
[2026-03-25 12:40:09,387] [INFO] Phantom_Bot.modules.nickname_server: Запущена автоматическая проверка всех участников
